###############################################################################
#
# IAR ANSI C/C++ Compiler V8.22.1.15669/W32 for ARM       23/Sep/2022  18:03:56
# Copyright 1999-2018 IAR Systems AB.
#
#    Cpu mode     =  thumb
#    Endian       =  little
#    Source file  =  C:\Users\pnu9\Desktop\project_test (2)\user\main.c
#    Command line =  
#        -f C:\Users\pnu9\AppData\Local\Temp\EW173C.tmp
#        ("C:\Users\pnu9\Desktop\project_test (2)\user\main.c" -D
#        USE_STDPERIPH_DRIVER -D STM32F10X_CL -lC
#        "C:\Users\pnu9\Desktop\project_test (2)\Debug\List" -o
#        "C:\Users\pnu9\Desktop\project_test (2)\Debug\Obj" --no_cse
#        --no_unroll --no_inline --no_code_motion --no_tbaa --no_clustering
#        --no_scheduling --debug --endian=little --cpu=Cortex-M3 -e --fpu=None
#        --dlib_config "C:\Program Files (x86)\IAR Systems\Embedded Workbench
#        8.0\arm\INC\c\DLib_Config_Normal.h" -I
#        "C:\Users\pnu9\Desktop\project_test
#        (2)\libraries\CMSIS\DeviceSupport\" -I
#        "C:\Users\pnu9\Desktop\project_test
#        (2)\libraries\CMSIS\DeviceSupport\Startup\" -I
#        "C:\Users\pnu9\Desktop\project_test
#        (2)\libraries\STM32F10x_StdPeriph_Driver_v3.5\inc\" -I
#        "C:\Users\pnu9\Desktop\project_test
#        (2)\libraries\STM32F10x_StdPeriph_Driver_v3.5\src\" -I
#        "C:\Users\pnu9\Desktop\project_test (2)\user\" -I
#        "C:\Users\pnu9\Desktop\project_test (2)\user\inc\" -Ol -I "C:\Program
#        Files (x86)\IAR Systems\Embedded Workbench
#        8.0\arm\CMSIS\Core\Include\" -I "C:\Program Files (x86)\IAR
#        Systems\Embedded Workbench 8.0\arm\CMSIS\DSP\Include\")
#    Locale       =  C
#    List file    =  C:\Users\pnu9\Desktop\project_test (2)\Debug\List\main.lst
#    Object file  =  C:\Users\pnu9\Desktop\project_test (2)\Debug\Obj\main.o
#
###############################################################################

C:\Users\pnu9\Desktop\project_test (2)\user\main.c
      1          #include "stm32f10x.h"
      2          #include "stdio.h"
      3          
      4          #define UP 0x20
      5          #define DOWN 0x4
      6          #define LEFT 0x8
      7          #define RIGHT 0x10
      8          
      9          // Enable Port D REGISTER
     10          #define RCC_APB2ENR (*(volatile unsigned int*) 0x40021018)
     11          
     12          // PORT D: I/O MODE REGISTER
     13          #define GPIOD_CRL (*(volatile unsigned int *) 0x40011400)
     14          #define GPIOD_CRH (*(volatile unsigned int *) 0x40011404)
     15          
     16          // LED ON REGISTER
     17          #define GPIOD_BSRR (*(volatile unsigned int *) 0x40011410)
     18          
     19          // INPUT PORT C
     20          #define GPIOC_CRL (*(volatile unsigned int *) 0x40011000)
     21          #define GPIOC_IDR (*(volatile unsigned int *) 0x40011008)
     22          #define GPIOD_IDR  (*(volatile unsigned int *) 0x40011408)
     23          // OUTPUT PORT D
     24          #define GPIOD_BRR (*(volatile unsigned int *) 0x40011414)
     25          

   \                                 In section .text, align 2, keep-with-next
     26          void Delay(vu32 cnt){
   \                     Delay: (+1)
   \   00000000   0xB401             PUSH     {R0}
   \   00000002   0xE002             B.N      ??Delay_0
     27            for(; cnt!=0; cnt--);
   \                     ??Delay_1: (+1)
   \   00000004   0x9800             LDR      R0,[SP, #+0]
   \   00000006   0x1E40             SUBS     R0,R0,#+1
   \   00000008   0x9000             STR      R0,[SP, #+0]
   \                     ??Delay_0: (+1)
   \   0000000A   0x9800             LDR      R0,[SP, #+0]
   \   0000000C   0x2800             CMP      R0,#+0
   \   0000000E   0xD1F9             BNE.N    ??Delay_1
     28          }
   \   00000010   0xB001             ADD      SP,SP,#+4
   \   00000012   0x4770             BX       LR               ;; return
     29          

   \                                 In section .text, align 2, keep-with-next
     30          int main(void)
     31          {
     32            // PORT D Enable
     33            RCC_APB2ENR |= 0x20;
   \                     main: (+1)
   \   00000000   0x....             LDR.N    R0,??DataTable1  ;; 0x40021018
   \   00000002   0x6800             LDR      R0,[R0, #+0]
   \   00000004   0xF050 0x0020      ORRS     R0,R0,#0x20
   \   00000008   0x....             LDR.N    R1,??DataTable1  ;; 0x40021018
   \   0000000A   0x6008             STR      R0,[R1, #+0]
     34            
     35            // PORT C EN
     36            RCC_APB2ENR |= 0x10;
   \   0000000C   0x....             LDR.N    R0,??DataTable1  ;; 0x40021018
   \   0000000E   0x6800             LDR      R0,[R0, #+0]
   \   00000010   0xF050 0x0010      ORRS     R0,R0,#0x10
   \   00000014   0x....             LDR.N    R1,??DataTable1  ;; 0x40021018
   \   00000016   0x6008             STR      R0,[R1, #+0]
     37            
     38            // PORT C Pull Up-Down: @@@, Pin @@
     39            GPIOC_CRL &= !0x00FFFF00;
   \   00000018   0x....             LDR.N    R0,??DataTable1_1  ;; 0x40011000
   \   0000001A   0x6800             LDR      R0,[R0, #+0]
   \   0000001C   0x2000             MOVS     R0,#+0
   \   0000001E   0x....             LDR.N    R1,??DataTable1_1  ;; 0x40011000
   \   00000020   0x6008             STR      R0,[R1, #+0]
     40            GPIOC_CRL |= 0x00888800;
   \   00000022   0x....             LDR.N    R0,??DataTable1_1  ;; 0x40011000
   \   00000024   0x6800             LDR      R0,[R0, #+0]
   \   00000026   0xF440 0x0008      ORR      R0,R0,#0x880000
   \   0000002A   0xF450 0x4008      ORRS     R0,R0,#0x8800
   \   0000002E   0x....             LDR.N    R1,??DataTable1_1  ;; 0x40011000
   \   00000030   0x6008             STR      R0,[R1, #+0]
     41            
     42            // PORT D Pull Up-Down: @@@, Pin @@
     43            GPIOD_CRL &= ~0xFFFFFFFF;
   \   00000032   0x....             LDR.N    R0,??DataTable1_2  ;; 0x40011400
   \   00000034   0x6800             LDR      R0,[R0, #+0]
   \   00000036   0x2000             MOVS     R0,#+0
   \   00000038   0x....             LDR.N    R1,??DataTable1_2  ;; 0x40011400
   \   0000003A   0x6008             STR      R0,[R1, #+0]
     44            GPIOD_CRL |= 0x33333333;
   \   0000003C   0x....             LDR.N    R0,??DataTable1_2  ;; 0x40011400
   \   0000003E   0x6800             LDR      R0,[R0, #+0]
   \   00000040   0xF070 0x30CC      ORNS     R0,R0,#-858993460
   \   00000044   0x....             LDR.N    R1,??DataTable1_2  ;; 0x40011400
   \   00000046   0x6008             STR      R0,[R1, #+0]
     45            GPIOD_CRH &= ~0xFFFFFFFF;//0x000F0F00;
   \   00000048   0x....             LDR.N    R0,??DataTable1_3  ;; 0x40011404
   \   0000004A   0x6800             LDR      R0,[R0, #+0]
   \   0000004C   0x2000             MOVS     R0,#+0
   \   0000004E   0x....             LDR.N    R1,??DataTable1_3  ;; 0x40011404
   \   00000050   0x6008             STR      R0,[R1, #+0]
     46            GPIOD_CRH |=  0x33333333;//0x00030300;
   \   00000052   0x....             LDR.N    R0,??DataTable1_3  ;; 0x40011404
   \   00000054   0x6800             LDR      R0,[R0, #+0]
   \   00000056   0xF070 0x30CC      ORNS     R0,R0,#-858993460
   \   0000005A   0x....             LDR.N    R1,??DataTable1_3  ;; 0x40011404
   \   0000005C   0x6008             STR      R0,[R1, #+0]
     47            
     48            // PortC@ IDR @@@
     49            GPIOC_IDR &= 0x00000000;
   \   0000005E   0x....             LDR.N    R0,??DataTable1_4  ;; 0x40011008
   \   00000060   0x6800             LDR      R0,[R0, #+0]
   \   00000062   0x2000             MOVS     R0,#+0
   \   00000064   0x....             LDR.N    R1,??DataTable1_4  ;; 0x40011008
   \   00000066   0x6008             STR      R0,[R1, #+0]
     50            GPIOD_IDR &= 0x00000000;
   \   00000068   0x....             LDR.N    R0,??DataTable1_5  ;; 0x40011408
   \   0000006A   0x6800             LDR      R0,[R0, #+0]
   \   0000006C   0x2000             MOVS     R0,#+0
   \   0000006E   0x....             LDR.N    R1,??DataTable1_5  ;; 0x40011408
   \   00000070   0x6008             STR      R0,[R1, #+0]
     51            // PortD@ @@@
     52            GPIOD_BSRR &= 0x00000000;
   \   00000072   0x....             LDR.N    R0,??DataTable1_6  ;; 0x40011410
   \   00000074   0x6800             LDR      R0,[R0, #+0]
   \   00000076   0x2000             MOVS     R0,#+0
   \   00000078   0x....             LDR.N    R1,??DataTable1_6  ;; 0x40011410
   \   0000007A   0x6008             STR      R0,[R1, #+0]
     53            GPIOD_BRR &= 0x00000000;
   \   0000007C   0x....             LDR.N    R0,??DataTable1_7  ;; 0x40011414
   \   0000007E   0x6800             LDR      R0,[R0, #+0]
   \   00000080   0x2000             MOVS     R0,#+0
   \   00000082   0x....             LDR.N    R1,??DataTable1_7  ;; 0x40011414
   \   00000084   0x6008             STR      R0,[R1, #+0]
     54          int count =0;
   \   00000086   0x2000             MOVS     R0,#+0
   \   00000088   0xE00B             B.N      ??main_0
     55            while(1){  
     56           
     57              if (!(GPIOC_IDR & 0x2000)) { // PD11
     58                  
     59                //  GPIOD_BRR |= 0x04;// PD 2 reset
     60             //    GPIOD_BSRR |= 0x08; // PD3 set
     61                
     62                if(count==2){
     63                  GPIOD_BRR |= 0x8000; //PD 15 set
   \                     ??main_1: (+1)
   \   0000008A   0x....             LDR.N    R1,??DataTable1_7  ;; 0x40011414
   \   0000008C   0x6809             LDR      R1,[R1, #+0]
   \   0000008E   0xF451 0x4100      ORRS     R1,R1,#0x8000
   \   00000092   0x....             LDR.N    R2,??DataTable1_7  ;; 0x40011414
   \   00000094   0x6011             STR      R1,[R2, #+0]
     64                  GPIOD_BRR |=  0x2000; //PD 13 reset //@@@@
   \   00000096   0x....             LDR.N    R1,??DataTable1_7  ;; 0x40011414
   \   00000098   0x6809             LDR      R1,[R1, #+0]
   \   0000009A   0xF451 0x5100      ORRS     R1,R1,#0x2000
   \   0000009E   0x....             LDR.N    R2,??DataTable1_7  ;; 0x40011414
   \   000000A0   0x6011             STR      R1,[R2, #+0]
     65                }
   \                     ??main_0: (+1)
   \   000000A2   0x....             LDR.N    R1,??DataTable1_4  ;; 0x40011008
   \   000000A4   0x6809             LDR      R1,[R1, #+0]
   \   000000A6   0x0489             LSLS     R1,R1,#+18
   \   000000A8   0xD410             BMI.N    ??main_2
   \   000000AA   0x2802             CMP      R0,#+2
   \   000000AC   0xD0ED             BEQ.N    ??main_1
     66                 else if(count==1){ //@@
   \   000000AE   0x2801             CMP      R0,#+1
   \   000000B0   0xD1F7             BNE.N    ??main_0
     67                    GPIOD_BSRR |= 0x8000; //PD 15 set
   \   000000B2   0x....             LDR.N    R1,??DataTable1_6  ;; 0x40011410
   \   000000B4   0x6809             LDR      R1,[R1, #+0]
   \   000000B6   0xF451 0x4100      ORRS     R1,R1,#0x8000
   \   000000BA   0x....             LDR.N    R2,??DataTable1_6  ;; 0x40011410
   \   000000BC   0x6011             STR      R1,[R2, #+0]
     68                    GPIOD_BSRR |=  0x2000; //PD 13 reset
   \   000000BE   0x....             LDR.N    R1,??DataTable1_6  ;; 0x40011410
   \   000000C0   0x6809             LDR      R1,[R1, #+0]
   \   000000C2   0xF451 0x5100      ORRS     R1,R1,#0x2000
   \   000000C6   0x....             LDR.N    R2,??DataTable1_6  ;; 0x40011410
   \   000000C8   0x6011             STR      R1,[R2, #+0]
   \   000000CA   0xE7EA             B.N      ??main_0
     69                 }
     70              }
     71          
     72          
     73              // PortC@ IDR @ @@(UP,DOWN,LEFT,RIGHT)
     74                 else if(!(GPIOC_IDR & UP) ) { // PD 9 @ !!
   \                     ??main_2: (+1)
   \   000000CC   0x....             LDR.N    R1,??DataTable1_4  ;; 0x40011008
   \   000000CE   0x6809             LDR      R1,[R1, #+0]
   \   000000D0   0x0689             LSLS     R1,R1,#+26
   \   000000D2   0xD40D             BMI.N    ??main_3
     75                   
     76                   count = 1;
   \   000000D4   0x2001             MOVS     R0,#+1
     77                   
     78                  GPIOD_BSRR |= 0x4000; //PD 14 set
   \   000000D6   0x....             LDR.N    R1,??DataTable1_6  ;; 0x40011410
   \   000000D8   0x6809             LDR      R1,[R1, #+0]
   \   000000DA   0xF451 0x4180      ORRS     R1,R1,#0x4000
   \   000000DE   0x....             LDR.N    R2,??DataTable1_6  ;; 0x40011410
   \   000000E0   0x6011             STR      R1,[R2, #+0]
     79                  GPIOD_BRR |=  0x2000; //PD 13 reset
   \   000000E2   0x....             LDR.N    R1,??DataTable1_7  ;; 0x40011414
   \   000000E4   0x6809             LDR      R1,[R1, #+0]
   \   000000E6   0xF451 0x5100      ORRS     R1,R1,#0x2000
   \   000000EA   0x....             LDR.N    R2,??DataTable1_7  ;; 0x40011414
   \   000000EC   0x6011             STR      R1,[R2, #+0]
   \   000000EE   0xE7D8             B.N      ??main_0
     80                   
     81                   //GPIOD_BRR |= 0x08; // PD 3 reset 1000
     82                   //GPIOD_BSRR |= 0x04; // pd 2 set  100
     83                 }
     84                 
     85                else if(!(GPIOC_IDR & DOWN) ) { // PD 8@ !!
   \                     ??main_3: (+1)
   \   000000F0   0x....             LDR.N    R1,??DataTable1_4  ;; 0x40011008
   \   000000F2   0x6809             LDR      R1,[R1, #+0]
   \   000000F4   0x0749             LSLS     R1,R1,#+29
   \   000000F6   0xD4D4             BMI.N    ??main_0
     86                  count =2;
   \   000000F8   0x2002             MOVS     R0,#+2
     87                  GPIOD_BSRR |= 0x2000; //PD 13 set          1000000000    
   \   000000FA   0x....             LDR.N    R1,??DataTable1_6  ;; 0x40011410
   \   000000FC   0x6809             LDR      R1,[R1, #+0]
   \   000000FE   0xF451 0x5100      ORRS     R1,R1,#0x2000
   \   00000102   0x....             LDR.N    R2,??DataTable1_6  ;; 0x40011410
   \   00000104   0x6011             STR      R1,[R2, #+0]
     88                  GPIOD_BRR |= 0x4000; //PD 15 reset 100000000
   \   00000106   0x....             LDR.N    R1,??DataTable1_7  ;; 0x40011414
   \   00000108   0x6809             LDR      R1,[R1, #+0]
   \   0000010A   0xF451 0x4180      ORRS     R1,R1,#0x4000
   \   0000010E   0x....             LDR.N    R2,??DataTable1_7  ;; 0x40011414
   \   00000110   0x6011             STR      R1,[R2, #+0]
   \   00000112   0xE7C6             B.N      ??main_0
     89                  
     90                  //GPIOD_BRR |= 0x04;// PD 2 reset
     91                  //GPIOD_BSRR |= 0x08; // PD3 set
     92                }
     93              
     94               // Delay(1000);
     95          
     96              }
     97            
     98            
     99          }

   \                                 In section .text, align 4, keep-with-next
   \                     ??DataTable1:
   \   00000000   0x40021018         DC32     0x40021018

   \                                 In section .text, align 4, keep-with-next
   \                     ??DataTable1_1:
   \   00000000   0x40011000         DC32     0x40011000

   \                                 In section .text, align 4, keep-with-next
   \                     ??DataTable1_2:
   \   00000000   0x40011400         DC32     0x40011400

   \                                 In section .text, align 4, keep-with-next
   \                     ??DataTable1_3:
   \   00000000   0x40011404         DC32     0x40011404

   \                                 In section .text, align 4, keep-with-next
   \                     ??DataTable1_4:
   \   00000000   0x40011008         DC32     0x40011008

   \                                 In section .text, align 4, keep-with-next
   \                     ??DataTable1_5:
   \   00000000   0x40011408         DC32     0x40011408

   \                                 In section .text, align 4, keep-with-next
   \                     ??DataTable1_6:
   \   00000000   0x40011410         DC32     0x40011410

   \                                 In section .text, align 4, keep-with-next
   \                     ??DataTable1_7:
   \   00000000   0x40011414         DC32     0x40011414

   Maximum stack usage in bytes:

   .cstack Function
   ------- --------
       4   Delay
       0   main


   Section sizes:

   Bytes  Function/Label
   -----  --------------
       4  ??DataTable1
       4  ??DataTable1_1
       4  ??DataTable1_2
       4  ??DataTable1_3
       4  ??DataTable1_4
       4  ??DataTable1_5
       4  ??DataTable1_6
       4  ??DataTable1_7
      20  Delay
     276  main

 
 328 bytes in section .text
 
 328 bytes of CODE memory

Errors: none
Warnings: none
